Using pre-set license
Built from '2021.3/staging' branch; Version is '2021.3.2f1 (d6360bedb9a0) revision 14038539'; Using compiler version '192829333'; Build Type 'Release'
OS: 'Windows 10  (10.0.19044) 64bit Professional' Language: 'en' Physical Memory: 32732 MB
BatchMode: 1, IsHumanControllingUs: 0, StartBugReporterOnCrash: 0, Is64bit: 1, IsPro: 1

COMMAND LINE ARGUMENTS:
C:\Program Files\Unity\Hub\Editor\2021.3.2f1\Editor\Unity.exe
-adb2
-batchMode
-noUpm
-name
AssetImportWorker0
-projectPath
C:/Users/vange/Documents/GitHub/GitDoYouKnowMySPeed/DoYouKnowMySpeed
-logFile
Logs/AssetImportWorker0.log
-srvPort
57334
Successfully changed project path to: C:/Users/vange/Documents/GitHub/GitDoYouKnowMySPeed/DoYouKnowMySpeed
C:/Users/vange/Documents/GitHub/GitDoYouKnowMySPeed/DoYouKnowMySpeed
[UnityMemory] Configuration Parameters - Can be set up in boot.config
    "memorysetup-bucket-allocator-granularity=16"
    "memorysetup-bucket-allocator-bucket-count=8"
    "memorysetup-bucket-allocator-block-size=33554432"
    "memorysetup-bucket-allocator-block-count=8"
    "memorysetup-main-allocator-block-size=16777216"
    "memorysetup-thread-allocator-block-size=16777216"
    "memorysetup-gfx-main-allocator-block-size=16777216"
    "memorysetup-gfx-thread-allocator-block-size=16777216"
    "memorysetup-cache-allocator-block-size=4194304"
    "memorysetup-typetree-allocator-block-size=2097152"
    "memorysetup-profiler-bucket-allocator-granularity=16"
    "memorysetup-profiler-bucket-allocator-bucket-count=8"
    "memorysetup-profiler-bucket-allocator-block-size=33554432"
    "memorysetup-profiler-bucket-allocator-block-count=8"
    "memorysetup-profiler-allocator-block-size=16777216"
    "memorysetup-profiler-editor-allocator-block-size=1048576"
    "memorysetup-temp-allocator-size-main=16777216"
    "memorysetup-job-temp-allocator-block-size=2097152"
    "memorysetup-job-temp-allocator-block-size-background=1048576"
    "memorysetup-job-temp-allocator-reduction-small-platforms=262144"
    "memorysetup-temp-allocator-size-background-worker=32768"
    "memorysetup-temp-allocator-size-job-worker=262144"
    "memorysetup-temp-allocator-size-preload-manager=33554432"
    "memorysetup-temp-allocator-size-nav-mesh-worker=65536"
    "memorysetup-temp-allocator-size-audio-worker=65536"
    "memorysetup-temp-allocator-size-cloud-worker=32768"
    "memorysetup-temp-allocator-size-gi-baking-worker=262144"
    "memorysetup-temp-allocator-size-gfx=262144"
Refreshing native plugins compatible for Editor in 49.61 ms, found 3 plugins.
Preloading 0 native plugins for Editor in 0.00 ms.
Initialize engine version: 2021.3.2f1 (d6360bedb9a0)
[Subsystems] Discovering subsystems at path C:/Program Files/Unity/Hub/Editor/2021.3.2f1/Editor/Data/Resources/UnitySubsystems
[Subsystems] Discovering subsystems at path C:/Users/vange/Documents/GitHub/GitDoYouKnowMySPeed/DoYouKnowMySpeed/Assets
GfxDevice: creating device client; threaded=0; jobified=0
Direct3D:
    Version:  Direct3D 11.0 [level 11.1]
    Renderer: NVIDIA GeForce GTX 1050 Ti (ID=0x1c82)
    Vendor:   NVIDIA
    VRAM:     4018 MB
    Driver:   27.21.14.5671
Initialize mono
Mono path[0] = 'C:/Program Files/Unity/Hub/Editor/2021.3.2f1/Editor/Data/Managed'
Mono path[1] = 'C:/Program Files/Unity/Hub/Editor/2021.3.2f1/Editor/Data/MonoBleedingEdge/lib/mono/unityjit-win32'
Mono config path = 'C:/Program Files/Unity/Hub/Editor/2021.3.2f1/Editor/Data/MonoBleedingEdge/etc'
Using monoOptions --debugger-agent=transport=dt_socket,embedding=1,server=y,suspend=n,address=127.0.0.1:56856
Begin MonoManager ReloadAssembly
Registering precompiled unity dll's ...
Register platform support module: C:/Program Files/Unity/Hub/Editor/2021.3.2f1/Editor/Data/PlaybackEngines/WindowsStandaloneSupport/UnityEditor.WindowsStandalone.Extensions.dll
Registered in 0.018736 seconds.
Native extension for WindowsStandalone target not found
Refreshing native plugins compatible for Editor in 49.59 ms, found 3 plugins.
Preloading 0 native plugins for Editor in 0.00 ms.
Mono: successfully reloaded assembly
- Completed reload, in  0.903 seconds
Domain Reload Profiling:
	ReloadAssembly (904ms)
		BeginReloadAssembly (105ms)
			ExecutionOrderSort (0ms)
			DisableScriptedObjects (0ms)
			BackupInstance (0ms)
			ReleaseScriptingObjects (0ms)
			CreateAndSetChildDomain (1ms)
		EndReloadAssembly (602ms)
			LoadAssemblies (102ms)
			RebuildTransferFunctionScriptingTraits (0ms)
			SetupTypeCache (229ms)
			ReleaseScriptCaches (0ms)
			RebuildScriptCaches (30ms)
			SetupLoadedEditorAssemblies (280ms)
				LogAssemblyErrors (0ms)
				InitializePlatformSupportModulesInManaged (9ms)
				SetLoadedEditorAssemblies (0ms)
				RefreshPlugins (50ms)
				BeforeProcessingInitializeOnLoad (2ms)
				ProcessInitializeOnLoadAttributes (162ms)
				ProcessInitializeOnLoadMethodAttributes (57ms)
				AfterProcessingInitializeOnLoad (0ms)
				EditorAssembliesLoaded (0ms)
			ExecutionOrderSort2 (0ms)
			AwakeInstancesAfterBackupRestoration (0ms)
Platform modules already initialized, skipping
Registering precompiled user dll's ...
Registered in 0.015737 seconds.
Begin MonoManager ReloadAssembly
Native extension for WindowsStandalone target not found
Refreshing native plugins compatible for Editor in 51.28 ms, found 3 plugins.
Preloading 0 native plugins for Editor in 0.00 ms.
Mono: successfully reloaded assembly
- Completed reload, in  1.267 seconds
Domain Reload Profiling:
	ReloadAssembly (1268ms)
		BeginReloadAssembly (140ms)
			ExecutionOrderSort (0ms)
			DisableScriptedObjects (7ms)
			BackupInstance (0ms)
			ReleaseScriptingObjects (0ms)
			CreateAndSetChildDomain (23ms)
		EndReloadAssembly (972ms)
			LoadAssemblies (114ms)
			RebuildTransferFunctionScriptingTraits (0ms)
			SetupTypeCache (246ms)
			ReleaseScriptCaches (0ms)
			RebuildScriptCaches (58ms)
			SetupLoadedEditorAssemblies (509ms)
				LogAssemblyErrors (0ms)
				InitializePlatformSupportModulesInManaged (6ms)
				SetLoadedEditorAssemblies (0ms)
				RefreshPlugins (51ms)
				BeforeProcessingInitializeOnLoad (100ms)
				ProcessInitializeOnLoadAttributes (285ms)
				ProcessInitializeOnLoadMethodAttributes (51ms)
				AfterProcessingInitializeOnLoad (15ms)
				EditorAssembliesLoaded (0ms)
			ExecutionOrderSort2 (0ms)
			AwakeInstancesAfterBackupRestoration (10ms)
Platform modules already initialized, skipping
========================================================================
Worker process is ready to serve import requests
Launched and connected shader compiler UnityShaderCompiler.exe after 0.05 seconds
Refreshing native plugins compatible for Editor in 0.60 ms, found 3 plugins.
Preloading 0 native plugins for Editor in 0.00 ms.
Unloading 2470 Unused Serialized files (Serialized files now loaded: 0)
Unloading 33 unused Assets / (56.1 KB). Loaded Objects now: 2930.
Memory consumption went from 111.1 MB to 111.0 MB.
Total: 3.633600 ms (FindLiveObjects: 0.328900 ms CreateObjectMapping: 0.217000 ms MarkObjects: 2.935900 ms  DeleteObjects: 0.150700 ms)

AssetImportParameters requested are different than current active one (requested -> active):
  custom:video-decoder-ogg-theora: a1e56fd34408186e4bbccfd4996cb3dc -> 
  custom:container-muxer-webm: aa71ff27fc2769a1b78a27578f13a17b -> 
  custom:container-demuxer-webm: 4f35f7cbe854078d1ac9338744f61a02 -> 
  custom:video-encoder-webm-vp8: eb34c28f22e8b96e1ab97ce403110664 -> 
  custom:audio-encoder-webm-vorbis: bf7c407c2cedff20999df2af8eb42d56 -> 
  custom:framework-win-MediaFoundation: 216162199b28c13a410421893ffa2e32 -> 
  custom:container-demuxer-ogg: 62fdf1f143b41e24485cea50d1cbac27 -> 
  custom:video-decoder-webm-vp8: 9c59270c3fd7afecdb556c50c9e8de78 -> 
  custom:audio-decoder-ogg-vorbis: bf7c407c2cedff20999df2af8eb42d56 -> 
========================================================================
Received Import Request.
  Time since last request: 1988748.804374 seconds.
  path: Assets/Scenes
  artifactKey: Guid(ee5978c5536c29e4d83d037a804af89f) Importer(815301076,1909f56bfc062723c751e8b465ee728b)
Start importing Assets/Scenes using Guid(ee5978c5536c29e4d83d037a804af89f) Importer(815301076,1909f56bfc062723c751e8b465ee728b)  -> (artifact id: '185f4fc625940b21eb3c13cc35195d6f') in 0.010585 seconds 
========================================================================
Received Import Request.
  Time since last request: 0.000021 seconds.
  path: Assets/Scenes/SampleScene.unity
  artifactKey: Guid(2cda990e2423bbf4892e6590ba056729) Importer(815301076,1909f56bfc062723c751e8b465ee728b)
Start importing Assets/Scenes/SampleScene.unity using Guid(2cda990e2423bbf4892e6590ba056729) Importer(815301076,1909f56bfc062723c751e8b465ee728b)  -> (artifact id: '56b16d1ae1675e0d163d2da71070febf') in 0.014092 seconds 
========================================================================
Received Import Request.
  Time since last request: 4010.475024 seconds.
  path: Assets/Scenes/buttons.png
  artifactKey: Guid(e65c913b8e607ed4aab362e5a4143fdd) Importer(815301076,1909f56bfc062723c751e8b465ee728b)
Start importing Assets/Scenes/buttons.png using Guid(e65c913b8e607ed4aab362e5a4143fdd) Importer(815301076,1909f56bfc062723c751e8b465ee728b)  -> (artifact id: '1bc066a7377271442fc99451d3aa7cca') in 0.260546 seconds 
========================================================================
Received Import Request.
  Time since last request: 5.772388 seconds.
  path: Assets
  artifactKey: Guid(00000000000000001000000000000000) Importer(815301076,1909f56bfc062723c751e8b465ee728b)
Start importing Assets using Guid(00000000000000001000000000000000) Importer(815301076,1909f56bfc062723c751e8b465ee728b)  -> (artifact id: '79842766b460edbeab6a34051e857a80') in 0.015130 seconds 
========================================================================
Received Import Request.
  Time since last request: 7.035080 seconds.
  path: Assets/Png
  artifactKey: Guid(515f7e90195024c40bb8c4c4539b0411) Importer(815301076,1909f56bfc062723c751e8b465ee728b)
Start importing Assets/Png using Guid(515f7e90195024c40bb8c4c4539b0411) Importer(815301076,1909f56bfc062723c751e8b465ee728b)  -> (artifact id: '3df42a609f070168ffdbfa9c01a10260') in 0.015359 seconds 
========================================================================
Received Import Request.
  Time since last request: 10.446769 seconds.
  path: Assets/Png/buttons.png
  artifactKey: Guid(e65c913b8e607ed4aab362e5a4143fdd) Importer(815301076,1909f56bfc062723c751e8b465ee728b)
Start importing Assets/Png/buttons.png using Guid(e65c913b8e607ed4aab362e5a4143fdd) Importer(815301076,1909f56bfc062723c751e8b465ee728b)  -> (artifact id: 'fd234e35584d7722ff858183ec60327f') in 0.013015 seconds 
========================================================================
Received Import Request.
  Time since last request: 7.102143 seconds.
  path: Assets/Png/buttons.png
  artifactKey: Guid(e65c913b8e607ed4aab362e5a4143fdd) Importer(815301076,1909f56bfc062723c751e8b465ee728b)
Start importing Assets/Png/buttons.png using Guid(e65c913b8e607ed4aab362e5a4143fdd) Importer(815301076,1909f56bfc062723c751e8b465ee728b)  -> (artifact id: '071b614563ff6b8dcfa058d0d734341f') in 0.137650 seconds 
========================================================================
Received Import Request.
  Time since last request: 743.593543 seconds.
  path: Assets/TextMesh Pro/Resources/Fonts & Materials/LiberationSans SDF - Drop Shadow.mat
  artifactKey: Guid(e73a58f6e2794ae7b1b7e50b7fb811b0) Importer(815301076,1909f56bfc062723c751e8b465ee728b)
Start importing Assets/TextMesh Pro/Resources/Fonts & Materials/LiberationSans SDF - Drop Shadow.mat using Guid(e73a58f6e2794ae7b1b7e50b7fb811b0) Importer(815301076,1909f56bfc062723c751e8b465ee728b)  -> (artifact id: 'a23c8fd905cac8096910b53ead95f24c') in 0.138311 seconds 
========================================================================
Received Import Request.
  Time since last request: 0.000024 seconds.
  path: Assets/TextMesh Pro/Resources/Fonts & Materials/LiberationSans SDF - Outline.mat
  artifactKey: Guid(79459efec17a4d00a321bdcc27bbc385) Importer(815301076,1909f56bfc062723c751e8b465ee728b)
Start importing Assets/TextMesh Pro/Resources/Fonts & Materials/LiberationSans SDF - Outline.mat using Guid(79459efec17a4d00a321bdcc27bbc385) Importer(815301076,1909f56bfc062723c751e8b465ee728b)  -> (artifact id: 'c025a2c554b893a91b2fce1394cc238f') in 0.087817 seconds 
========================================================================
Received Import Request.
  Time since last request: 0.000026 seconds.
  path: Assets/TextMesh Pro/Resources/Fonts & Materials/LiberationSans SDF - Fallback.asset
  artifactKey: Guid(2e498d1c8094910479dc3e1b768306a4) Importer(815301076,1909f56bfc062723c751e8b465ee728b)
Start importing Assets/TextMesh Pro/Resources/Fonts & Materials/LiberationSans SDF - Fallback.asset using Guid(2e498d1c8094910479dc3e1b768306a4) Importer(815301076,1909f56bfc062723c751e8b465ee728b)  -> (artifact id: '84f5fc1b29ce364e45172cdd129a48c7') in 0.044194 seconds 
========================================================================
Received Import Request.
  Time since last request: 0.000017 seconds.
  path: Assets/TextMesh Pro/Resources/Fonts & Materials/LiberationSans SDF.asset
  artifactKey: Guid(8f586378b4e144a9851e7b34d9b748ee) Importer(815301076,1909f56bfc062723c751e8b465ee728b)
Start importing Assets/TextMesh Pro/Resources/Fonts & Materials/LiberationSans SDF.asset using Guid(8f586378b4e144a9851e7b34d9b748ee) Importer(815301076,1909f56bfc062723c751e8b465ee728b)  -> (artifact id: 'a3a82fbed61c2c634a0c153fd9b75a55') in 0.048790 seconds 
========================================================================
Received Import Request.
  Time since last request: 9.203810 seconds.
  path: Assets/TextMesh Pro/Resources/TMP Settings.asset
  artifactKey: Guid(3f5b5dff67a942289a9defa416b206f3) Importer(815301076,1909f56bfc062723c751e8b465ee728b)
Start importing Assets/TextMesh Pro/Resources/TMP Settings.asset using Guid(3f5b5dff67a942289a9defa416b206f3) Importer(815301076,1909f56bfc062723c751e8b465ee728b)  -> (artifact id: '2eb606ad70dabfa70adaa1be5ff45163') in 0.035041 seconds 
========================================================================
Received Import Request.
  Time since last request: 315.572003 seconds.
  path: Assets/Png/BAHNSCHRIFT 2.TTF
  artifactKey: Guid(5523f1a50d6f50d459312ae8679cf352) Importer(815301076,1909f56bfc062723c751e8b465ee728b)
Start importing Assets/Png/BAHNSCHRIFT 2.TTF using Guid(5523f1a50d6f50d459312ae8679cf352) Importer(815301076,1909f56bfc062723c751e8b465ee728b)  -> (artifact id: '9f7d1de9c17f8dbdd9024a024af26bf6') in 0.116598 seconds 
========================================================================
Received Import Request.
  Time since last request: 132.143518 seconds.
  path: Assets/TextMesh Pro/BAHNSCHRIFT 2 SDF.asset
  artifactKey: Guid(566c983a0389b0443b6e03faab8b7907) Importer(815301076,1909f56bfc062723c751e8b465ee728b)
Start importing Assets/TextMesh Pro/BAHNSCHRIFT 2 SDF.asset using Guid(566c983a0389b0443b6e03faab8b7907) Importer(815301076,1909f56bfc062723c751e8b465ee728b)  -> (artifact id: 'fdfc9f8734350c610c1af84b28458209') in 0.034819 seconds 
========================================================================
Received Import Request.
  Time since last request: 0.000026 seconds.
  path: Assets/TextMesh Pro/Resources/Fonts & Materials/LiberationSans SDF - Fallback.asset
  artifactKey: Guid(2e498d1c8094910479dc3e1b768306a4) Importer(815301076,1909f56bfc062723c751e8b465ee728b)
Start importing Assets/TextMesh Pro/Resources/Fonts & Materials/LiberationSans SDF - Fallback.asset using Guid(2e498d1c8094910479dc3e1b768306a4) Importer(815301076,1909f56bfc062723c751e8b465ee728b)  -> (artifact id: 'f9b4371f887cc33363d2f08443139e66') in 0.031654 seconds 
========================================================================
Received Prepare
Registering precompiled user dll's ...
Registered in 0.008088 seconds.
Begin MonoManager ReloadAssembly
Native extension for WindowsStandalone target not found
Refreshing native plugins compatible for Editor in 0.50 ms, found 3 plugins.
Preloading 0 native plugins for Editor in 0.00 ms.
Mono: successfully reloaded assembly
- Completed reload, in  1.163 seconds
Domain Reload Profiling:
	ReloadAssembly (1164ms)
		BeginReloadAssembly (140ms)
			ExecutionOrderSort (0ms)
			DisableScriptedObjects (7ms)
			BackupInstance (0ms)
			ReleaseScriptingObjects (0ms)
			CreateAndSetChildDomain (34ms)
		EndReloadAssembly (915ms)
			LoadAssemblies (101ms)
			RebuildTransferFunctionScriptingTraits (0ms)
			SetupTypeCache (230ms)
			ReleaseScriptCaches (1ms)
			RebuildScriptCaches (60ms)
			SetupLoadedEditorAssemblies (459ms)
				LogAssemblyErrors (0ms)
				InitializePlatformSupportModulesInManaged (17ms)
				SetLoadedEditorAssemblies (0ms)
				RefreshPlugins (1ms)
				BeforeProcessingInitializeOnLoad (87ms)
				ProcessInitializeOnLoadAttributes (259ms)
				ProcessInitializeOnLoadMethodAttributes (76ms)
				AfterProcessingInitializeOnLoad (19ms)
				EditorAssembliesLoaded (0ms)
			ExecutionOrderSort2 (0ms)
			AwakeInstancesAfterBackupRestoration (14ms)
Platform modules already initialized, skipping
Refreshing native plugins compatible for Editor in 3.36 ms, found 3 plugins.
Preloading 0 native plugins for Editor in 0.00 ms.
Unloading 2446 Unused Serialized files (Serialized files now loaded: 0)
Unloading 20 unused Assets / (24.7 KB). Loaded Objects now: 2994.
Memory consumption went from 113.3 MB to 113.3 MB.
Total: 4.298100 ms (FindLiveObjects: 0.249200 ms CreateObjectMapping: 0.146100 ms MarkObjects: 3.878800 ms  DeleteObjects: 0.022700 ms)

AssetImportParameters requested are different than current active one (requested -> active):
  custom:video-decoder-ogg-theora: a1e56fd34408186e4bbccfd4996cb3dc -> 
  custom:container-muxer-webm: aa71ff27fc2769a1b78a27578f13a17b -> 
  custom:container-demuxer-webm: 4f35f7cbe854078d1ac9338744f61a02 -> 
  custom:video-encoder-webm-vp8: eb34c28f22e8b96e1ab97ce403110664 -> 
  custom:audio-encoder-webm-vorbis: bf7c407c2cedff20999df2af8eb42d56 -> 
  custom:framework-win-MediaFoundation: 216162199b28c13a410421893ffa2e32 -> 
  custom:container-demuxer-ogg: 62fdf1f143b41e24485cea50d1cbac27 -> 
  custom:video-decoder-webm-vp8: 9c59270c3fd7afecdb556c50c9e8de78 -> 
  custom:audio-decoder-ogg-vorbis: bf7c407c2cedff20999df2af8eb42d56 -> 
========================================================================
Received Prepare
Registering precompiled user dll's ...
Registered in 0.008190 seconds.
Begin MonoManager ReloadAssembly
Native extension for WindowsStandalone target not found
Refreshing native plugins compatible for Editor in 0.51 ms, found 3 plugins.
Preloading 0 native plugins for Editor in 0.00 ms.
Mono: successfully reloaded assembly
- Completed reload, in  1.091 seconds
Domain Reload Profiling:
	ReloadAssembly (1092ms)
		BeginReloadAssembly (136ms)
			ExecutionOrderSort (0ms)
			DisableScriptedObjects (7ms)
			BackupInstance (0ms)
			ReleaseScriptingObjects (0ms)
			CreateAndSetChildDomain (31ms)
		EndReloadAssembly (848ms)
			LoadAssemblies (100ms)
			RebuildTransferFunctionScriptingTraits (0ms)
			SetupTypeCache (195ms)
			ReleaseScriptCaches (1ms)
			RebuildScriptCaches (53ms)
			SetupLoadedEditorAssemblies (437ms)
				LogAssemblyErrors (0ms)
				InitializePlatformSupportModulesInManaged (18ms)
				SetLoadedEditorAssemblies (1ms)
				RefreshPlugins (1ms)
				BeforeProcessingInitializeOnLoad (97ms)
				ProcessInitializeOnLoadAttributes (258ms)
				ProcessInitializeOnLoadMethodAttributes (47ms)
				AfterProcessingInitializeOnLoad (15ms)
				EditorAssembliesLoaded (0ms)
			ExecutionOrderSort2 (0ms)
			AwakeInstancesAfterBackupRestoration (11ms)
Platform modules already initialized, skipping
Refreshing native plugins compatible for Editor in 3.25 ms, found 3 plugins.
Preloading 0 native plugins for Editor in 0.00 ms.
Unloading 2446 Unused Serialized files (Serialized files now loaded: 0)
Unloading 20 unused Assets / (24.8 KB). Loaded Objects now: 2997.
Memory consumption went from 113.3 MB to 113.3 MB.
Total: 2.933900 ms (FindLiveObjects: 0.220200 ms CreateObjectMapping: 0.127100 ms MarkObjects: 2.567500 ms  DeleteObjects: 0.018000 ms)

AssetImportParameters requested are different than current active one (requested -> active):
  custom:video-decoder-ogg-theora: a1e56fd34408186e4bbccfd4996cb3dc -> 
  custom:container-muxer-webm: aa71ff27fc2769a1b78a27578f13a17b -> 
  custom:container-demuxer-webm: 4f35f7cbe854078d1ac9338744f61a02 -> 
  custom:video-encoder-webm-vp8: eb34c28f22e8b96e1ab97ce403110664 -> 
  custom:audio-encoder-webm-vorbis: bf7c407c2cedff20999df2af8eb42d56 -> 
  custom:framework-win-MediaFoundation: 216162199b28c13a410421893ffa2e32 -> 
  custom:container-demuxer-ogg: 62fdf1f143b41e24485cea50d1cbac27 -> 
  custom:video-decoder-webm-vp8: 9c59270c3fd7afecdb556c50c9e8de78 -> 
  custom:audio-decoder-ogg-vorbis: bf7c407c2cedff20999df2af8eb42d56 -> 
========================================================================
Received Prepare
Registering precompiled user dll's ...
Registered in 0.008313 seconds.
Begin MonoManager ReloadAssembly
Native extension for WindowsStandalone target not found
Refreshing native plugins compatible for Editor in 0.64 ms, found 3 plugins.
Preloading 0 native plugins for Editor in 0.00 ms.
Mono: successfully reloaded assembly
- Completed reload, in  1.080 seconds
Domain Reload Profiling:
	ReloadAssembly (1080ms)
		BeginReloadAssembly (134ms)
			ExecutionOrderSort (0ms)
			DisableScriptedObjects (8ms)
			BackupInstance (0ms)
			ReleaseScriptingObjects (0ms)
			CreateAndSetChildDomain (30ms)
		EndReloadAssembly (839ms)
			LoadAssemblies (96ms)
			RebuildTransferFunctionScriptingTraits (0ms)
			SetupTypeCache (198ms)
			ReleaseScriptCaches (1ms)
			RebuildScriptCaches (51ms)
			SetupLoadedEditorAssemblies (427ms)
				LogAssemblyErrors (0ms)
				InitializePlatformSupportModulesInManaged (19ms)
				SetLoadedEditorAssemblies (0ms)
				RefreshPlugins (1ms)
				BeforeProcessingInitializeOnLoad (87ms)
				ProcessInitializeOnLoadAttributes (259ms)
				ProcessInitializeOnLoadMethodAttributes (46ms)
				AfterProcessingInitializeOnLoad (14ms)
				EditorAssembliesLoaded (0ms)
			ExecutionOrderSort2 (0ms)
			AwakeInstancesAfterBackupRestoration (11ms)
Platform modules already initialized, skipping
Refreshing native plugins compatible for Editor in 2.71 ms, found 3 plugins.
Preloading 0 native plugins for Editor in 0.00 ms.
Unloading 2446 Unused Serialized files (Serialized files now loaded: 0)
Unloading 20 unused Assets / (24.6 KB). Loaded Objects now: 3000.
Memory consumption went from 113.3 MB to 113.3 MB.
Total: 3.062500 ms (FindLiveObjects: 0.209900 ms CreateObjectMapping: 0.247800 ms MarkObjects: 2.585200 ms  DeleteObjects: 0.018500 ms)

AssetImportParameters requested are different than current active one (requested -> active):
  custom:video-decoder-ogg-theora: a1e56fd34408186e4bbccfd4996cb3dc -> 
  custom:container-muxer-webm: aa71ff27fc2769a1b78a27578f13a17b -> 
  custom:container-demuxer-webm: 4f35f7cbe854078d1ac9338744f61a02 -> 
  custom:video-encoder-webm-vp8: eb34c28f22e8b96e1ab97ce403110664 -> 
  custom:audio-encoder-webm-vorbis: bf7c407c2cedff20999df2af8eb42d56 -> 
  custom:framework-win-MediaFoundation: 216162199b28c13a410421893ffa2e32 -> 
  custom:container-demuxer-ogg: 62fdf1f143b41e24485cea50d1cbac27 -> 
  custom:video-decoder-webm-vp8: 9c59270c3fd7afecdb556c50c9e8de78 -> 
  custom:audio-decoder-ogg-vorbis: bf7c407c2cedff20999df2af8eb42d56 -> 
========================================================================
Received Prepare
Registering precompiled user dll's ...
Registered in 0.009239 seconds.
Begin MonoManager ReloadAssembly
Native extension for WindowsStandalone target not found
Refreshing native plugins compatible for Editor in 0.84 ms, found 3 plugins.
Preloading 0 native plugins for Editor in 0.00 ms.
Mono: successfully reloaded assembly
- Completed reload, in  1.172 seconds
Domain Reload Profiling:
	ReloadAssembly (1173ms)
		BeginReloadAssembly (130ms)
			ExecutionOrderSort (0ms)
			DisableScriptedObjects (7ms)
			BackupInstance (0ms)
			ReleaseScriptingObjects (0ms)
			CreateAndSetChildDomain (30ms)
		EndReloadAssembly (936ms)
			LoadAssemblies (97ms)
			RebuildTransferFunctionScriptingTraits (0ms)
			SetupTypeCache (191ms)
			ReleaseScriptCaches (1ms)
			RebuildScriptCaches (53ms)
			SetupLoadedEditorAssemblies (526ms)
				LogAssemblyErrors (0ms)
				InitializePlatformSupportModulesInManaged (18ms)
				SetLoadedEditorAssemblies (1ms)
				RefreshPlugins (1ms)
				BeforeProcessingInitializeOnLoad (96ms)
				ProcessInitializeOnLoadAttributes (338ms)
				ProcessInitializeOnLoadMethodAttributes (54ms)
				AfterProcessingInitializeOnLoad (18ms)
				EditorAssembliesLoaded (0ms)
			ExecutionOrderSort2 (0ms)
			AwakeInstancesAfterBackupRestoration (14ms)
Platform modules already initialized, skipping
Refreshing native plugins compatible for Editor in 3.55 ms, found 3 plugins.
Preloading 0 native plugins for Editor in 0.00 ms.
Unloading 2446 Unused Serialized files (Serialized files now loaded: 0)
Unloading 20 unused Assets / (24.8 KB). Loaded Objects now: 3003.
Memory consumption went from 113.3 MB to 113.3 MB.
Total: 3.566500 ms (FindLiveObjects: 0.201500 ms CreateObjectMapping: 0.137000 ms MarkObjects: 3.208200 ms  DeleteObjects: 0.018700 ms)

AssetImportParameters requested are different than current active one (requested -> active):
  custom:video-decoder-ogg-theora: a1e56fd34408186e4bbccfd4996cb3dc -> 
  custom:container-muxer-webm: aa71ff27fc2769a1b78a27578f13a17b -> 
  custom:container-demuxer-webm: 4f35f7cbe854078d1ac9338744f61a02 -> 
  custom:video-encoder-webm-vp8: eb34c28f22e8b96e1ab97ce403110664 -> 
  custom:audio-encoder-webm-vorbis: bf7c407c2cedff20999df2af8eb42d56 -> 
  custom:framework-win-MediaFoundation: 216162199b28c13a410421893ffa2e32 -> 
  custom:container-demuxer-ogg: 62fdf1f143b41e24485cea50d1cbac27 -> 
  custom:video-decoder-webm-vp8: 9c59270c3fd7afecdb556c50c9e8de78 -> 
  custom:audio-decoder-ogg-vorbis: bf7c407c2cedff20999df2af8eb42d56 -> 
========================================================================
Received Prepare
Registering precompiled user dll's ...
Registered in 0.008466 seconds.
Begin MonoManager ReloadAssembly
Native extension for WindowsStandalone target not found
Refreshing native plugins compatible for Editor in 0.58 ms, found 3 plugins.
Preloading 0 native plugins for Editor in 0.00 ms.
Mono: successfully reloaded assembly
- Completed reload, in  1.082 seconds
Domain Reload Profiling:
	ReloadAssembly (1083ms)
		BeginReloadAssembly (131ms)
			ExecutionOrderSort (0ms)
			DisableScriptedObjects (7ms)
			BackupInstance (0ms)
			ReleaseScriptingObjects (0ms)
			CreateAndSetChildDomain (31ms)
		EndReloadAssembly (846ms)
			LoadAssemblies (97ms)
			RebuildTransferFunctionScriptingTraits (0ms)
			SetupTypeCache (191ms)
			ReleaseScriptCaches (1ms)
			RebuildScriptCaches (51ms)
			SetupLoadedEditorAssemblies (443ms)
				LogAssemblyErrors (0ms)
				InitializePlatformSupportModulesInManaged (17ms)
				SetLoadedEditorAssemblies (1ms)
				RefreshPlugins (1ms)
				BeforeProcessingInitializeOnLoad (90ms)
				ProcessInitializeOnLoadAttributes (262ms)
				ProcessInitializeOnLoadMethodAttributes (59ms)
				AfterProcessingInitializeOnLoad (13ms)
				EditorAssembliesLoaded (0ms)
			ExecutionOrderSort2 (0ms)
			AwakeInstancesAfterBackupRestoration (12ms)
Platform modules already initialized, skipping
Refreshing native plugins compatible for Editor in 2.98 ms, found 3 plugins.
Preloading 0 native plugins for Editor in 0.00 ms.
Unloading 2446 Unused Serialized files (Serialized files now loaded: 0)
Unloading 20 unused Assets / (24.9 KB). Loaded Objects now: 3006.
Memory consumption went from 113.3 MB to 113.3 MB.
Total: 3.355400 ms (FindLiveObjects: 0.235800 ms CreateObjectMapping: 0.128900 ms MarkObjects: 2.963700 ms  DeleteObjects: 0.025900 ms)

AssetImportParameters requested are different than current active one (requested -> active):
  custom:video-decoder-ogg-theora: a1e56fd34408186e4bbccfd4996cb3dc -> 
  custom:container-muxer-webm: aa71ff27fc2769a1b78a27578f13a17b -> 
  custom:container-demuxer-webm: 4f35f7cbe854078d1ac9338744f61a02 -> 
  custom:video-encoder-webm-vp8: eb34c28f22e8b96e1ab97ce403110664 -> 
  custom:audio-encoder-webm-vorbis: bf7c407c2cedff20999df2af8eb42d56 -> 
  custom:framework-win-MediaFoundation: 216162199b28c13a410421893ffa2e32 -> 
  custom:container-demuxer-ogg: 62fdf1f143b41e24485cea50d1cbac27 -> 
  custom:video-decoder-webm-vp8: 9c59270c3fd7afecdb556c50c9e8de78 -> 
  custom:audio-decoder-ogg-vorbis: bf7c407c2cedff20999df2af8eb42d56 -> 
========================================================================
Received Prepare
Registering precompiled user dll's ...
Registered in 0.009054 seconds.
Begin MonoManager ReloadAssembly
Native extension for WindowsStandalone target not found
Refreshing native plugins compatible for Editor in 0.58 ms, found 3 plugins.
Preloading 0 native plugins for Editor in 0.00 ms.
Mono: successfully reloaded assembly
- Completed reload, in  1.098 seconds
Domain Reload Profiling:
	ReloadAssembly (1098ms)
		BeginReloadAssembly (135ms)
			ExecutionOrderSort (0ms)
			DisableScriptedObjects (7ms)
			BackupInstance (0ms)
			ReleaseScriptingObjects (0ms)
			CreateAndSetChildDomain (32ms)
		EndReloadAssembly (859ms)
			LoadAssemblies (97ms)
			RebuildTransferFunctionScriptingTraits (0ms)
			SetupTypeCache (189ms)
			ReleaseScriptCaches (1ms)
			RebuildScriptCaches (51ms)
			SetupLoadedEditorAssemblies (449ms)
				LogAssemblyErrors (0ms)
				InitializePlatformSupportModulesInManaged (17ms)
				SetLoadedEditorAssemblies (1ms)
				RefreshPlugins (1ms)
				BeforeProcessingInitializeOnLoad (107ms)
				ProcessInitializeOnLoadAttributes (260ms)
				ProcessInitializeOnLoadMethodAttributes (45ms)
				AfterProcessingInitializeOnLoad (17ms)
				EditorAssembliesLoaded (0ms)
			ExecutionOrderSort2 (0ms)
			AwakeInstancesAfterBackupRestoration (21ms)
Platform modules already initialized, skipping
Refreshing native plugins compatible for Editor in 3.56 ms, found 3 plugins.
Preloading 0 native plugins for Editor in 0.00 ms.
Unloading 2446 Unused Serialized files (Serialized files now loaded: 0)
Unloading 20 unused Assets / (24.7 KB). Loaded Objects now: 3009.
Memory consumption went from 113.3 MB to 113.3 MB.
Total: 3.783400 ms (FindLiveObjects: 0.198200 ms CreateObjectMapping: 0.101800 ms MarkObjects: 3.463200 ms  DeleteObjects: 0.019200 ms)

AssetImportParameters requested are different than current active one (requested -> active):
  custom:video-decoder-ogg-theora: a1e56fd34408186e4bbccfd4996cb3dc -> 
  custom:container-muxer-webm: aa71ff27fc2769a1b78a27578f13a17b -> 
  custom:container-demuxer-webm: 4f35f7cbe854078d1ac9338744f61a02 -> 
  custom:video-encoder-webm-vp8: eb34c28f22e8b96e1ab97ce403110664 -> 
  custom:audio-encoder-webm-vorbis: bf7c407c2cedff20999df2af8eb42d56 -> 
  custom:framework-win-MediaFoundation: 216162199b28c13a410421893ffa2e32 -> 
  custom:container-demuxer-ogg: 62fdf1f143b41e24485cea50d1cbac27 -> 
  custom:video-decoder-webm-vp8: 9c59270c3fd7afecdb556c50c9e8de78 -> 
  custom:audio-decoder-ogg-vorbis: bf7c407c2cedff20999df2af8eb42d56 -> 
========================================================================
Received Prepare
Registering precompiled user dll's ...
Registered in 0.007929 seconds.
Begin MonoManager ReloadAssembly
Native extension for WindowsStandalone target not found
Refreshing native plugins compatible for Editor in 0.51 ms, found 3 plugins.
Preloading 0 native plugins for Editor in 0.00 ms.
Mono: successfully reloaded assembly
- Completed reload, in  1.086 seconds
Domain Reload Profiling:
	ReloadAssembly (1087ms)
		BeginReloadAssembly (132ms)
			ExecutionOrderSort (0ms)
			DisableScriptedObjects (7ms)
			BackupInstance (0ms)
			ReleaseScriptingObjects (0ms)
			CreateAndSetChildDomain (29ms)
		EndReloadAssembly (849ms)
			LoadAssemblies (95ms)
			RebuildTransferFunctionScriptingTraits (0ms)
			SetupTypeCache (203ms)
			ReleaseScriptCaches (1ms)
			RebuildScriptCaches (42ms)
			SetupLoadedEditorAssemblies (431ms)
				LogAssemblyErrors (0ms)
				InitializePlatformSupportModulesInManaged (17ms)
				SetLoadedEditorAssemblies (1ms)
				RefreshPlugins (1ms)
				BeforeProcessingInitializeOnLoad (88ms)
				ProcessInitializeOnLoadAttributes (263ms)
				ProcessInitializeOnLoadMethodAttributes (48ms)
				AfterProcessingInitializeOnLoad (15ms)
				EditorAssembliesLoaded (0ms)
			ExecutionOrderSort2 (0ms)
			AwakeInstancesAfterBackupRestoration (12ms)
Platform modules already initialized, skipping
Refreshing native plugins compatible for Editor in 2.82 ms, found 3 plugins.
Preloading 0 native plugins for Editor in 0.00 ms.
Unloading 2446 Unused Serialized files (Serialized files now loaded: 0)
Unloading 20 unused Assets / (24.7 KB). Loaded Objects now: 3012.
Memory consumption went from 113.3 MB to 113.3 MB.
Total: 3.734900 ms (FindLiveObjects: 0.198700 ms CreateObjectMapping: 0.103300 ms MarkObjects: 3.412000 ms  DeleteObjects: 0.019700 ms)

AssetImportParameters requested are different than current active one (requested -> active):
  custom:video-decoder-ogg-theora: a1e56fd34408186e4bbccfd4996cb3dc -> 
  custom:container-muxer-webm: aa71ff27fc2769a1b78a27578f13a17b -> 
  custom:container-demuxer-webm: 4f35f7cbe854078d1ac9338744f61a02 -> 
  custom:video-encoder-webm-vp8: eb34c28f22e8b96e1ab97ce403110664 -> 
  custom:audio-encoder-webm-vorbis: bf7c407c2cedff20999df2af8eb42d56 -> 
  custom:framework-win-MediaFoundation: 216162199b28c13a410421893ffa2e32 -> 
  custom:container-demuxer-ogg: 62fdf1f143b41e24485cea50d1cbac27 -> 
  custom:video-decoder-webm-vp8: 9c59270c3fd7afecdb556c50c9e8de78 -> 
  custom:audio-decoder-ogg-vorbis: bf7c407c2cedff20999df2af8eb42d56 -> 
========================================================================
Received Prepare
Registering precompiled user dll's ...
Registered in 0.008339 seconds.
Begin MonoManager ReloadAssembly
Native extension for WindowsStandalone target not found
Refreshing native plugins compatible for Editor in 0.51 ms, found 3 plugins.
Preloading 0 native plugins for Editor in 0.00 ms.
Mono: successfully reloaded assembly
- Completed reload, in  1.131 seconds
Domain Reload Profiling:
	ReloadAssembly (1132ms)
		BeginReloadAssembly (132ms)
			ExecutionOrderSort (0ms)
			DisableScriptedObjects (7ms)
			BackupInstance (0ms)
			ReleaseScriptingObjects (0ms)
			CreateAndSetChildDomain (29ms)
		EndReloadAssembly (885ms)
			LoadAssemblies (96ms)
			RebuildTransferFunctionScriptingTraits (0ms)
			SetupTypeCache (199ms)
			ReleaseScriptCaches (1ms)
			RebuildScriptCaches (51ms)
			SetupLoadedEditorAssemblies (479ms)
				LogAssemblyErrors (0ms)
				InitializePlatformSupportModulesInManaged (17ms)
				SetLoadedEditorAssemblies (1ms)
				RefreshPlugins (1ms)
				BeforeProcessingInitializeOnLoad (131ms)
				ProcessInitializeOnLoadAttributes (267ms)
				ProcessInitializeOnLoadMethodAttributes (45ms)
				AfterProcessingInitializeOnLoad (17ms)
				EditorAssembliesLoaded (0ms)
			ExecutionOrderSort2 (0ms)
			AwakeInstancesAfterBackupRestoration (11ms)
Platform modules already initialized, skipping
Refreshing native plugins compatible for Editor in 3.07 ms, found 3 plugins.
Preloading 0 native plugins for Editor in 0.00 ms.
Unloading 2446 Unused Serialized files (Serialized files now loaded: 0)
Unloading 20 unused Assets / (24.7 KB). Loaded Objects now: 3015.
Memory consumption went from 113.3 MB to 113.3 MB.
Total: 2.916000 ms (FindLiveObjects: 0.218700 ms CreateObjectMapping: 0.085800 ms MarkObjects: 2.592400 ms  DeleteObjects: 0.018100 ms)

AssetImportParameters requested are different than current active one (requested -> active):
  custom:video-decoder-ogg-theora: a1e56fd34408186e4bbccfd4996cb3dc -> 
  custom:container-muxer-webm: aa71ff27fc2769a1b78a27578f13a17b -> 
  custom:container-demuxer-webm: 4f35f7cbe854078d1ac9338744f61a02 -> 
  custom:video-encoder-webm-vp8: eb34c28f22e8b96e1ab97ce403110664 -> 
  custom:audio-encoder-webm-vorbis: bf7c407c2cedff20999df2af8eb42d56 -> 
  custom:framework-win-MediaFoundation: 216162199b28c13a410421893ffa2e32 -> 
  custom:container-demuxer-ogg: 62fdf1f143b41e24485cea50d1cbac27 -> 
  custom:video-decoder-webm-vp8: 9c59270c3fd7afecdb556c50c9e8de78 -> 
  custom:audio-decoder-ogg-vorbis: bf7c407c2cedff20999df2af8eb42d56 -> 
========================================================================
Received Prepare
Registering precompiled user dll's ...
Registered in 0.008405 seconds.
Begin MonoManager ReloadAssembly
Native extension for WindowsStandalone target not found
Refreshing native plugins compatible for Editor in 0.49 ms, found 3 plugins.
Preloading 0 native plugins for Editor in 0.00 ms.
Mono: successfully reloaded assembly
- Completed reload, in  1.119 seconds
Domain Reload Profiling:
	ReloadAssembly (1120ms)
		BeginReloadAssembly (163ms)
			ExecutionOrderSort (0ms)
			DisableScriptedObjects (7ms)
			BackupInstance (0ms)
			ReleaseScriptingObjects (0ms)
			CreateAndSetChildDomain (30ms)
		EndReloadAssembly (849ms)
			LoadAssemblies (127ms)
			RebuildTransferFunctionScriptingTraits (0ms)
			SetupTypeCache (205ms)
			ReleaseScriptCaches (1ms)
			RebuildScriptCaches (56ms)
			SetupLoadedEditorAssemblies (425ms)
				LogAssemblyErrors (0ms)
				InitializePlatformSupportModulesInManaged (17ms)
				SetLoadedEditorAssemblies (1ms)
				RefreshPlugins (1ms)
				BeforeProcessingInitializeOnLoad (87ms)
				ProcessInitializeOnLoadAttributes (258ms)
				ProcessInitializeOnLoadMethodAttributes (46ms)
				AfterProcessingInitializeOnLoad (15ms)
				EditorAssembliesLoaded (0ms)
			ExecutionOrderSort2 (0ms)
			AwakeInstancesAfterBackupRestoration (11ms)
Platform modules already initialized, skipping
Refreshing native plugins compatible for Editor in 2.70 ms, found 3 plugins.
Preloading 0 native plugins for Editor in 0.00 ms.
Unloading 2446 Unused Serialized files (Serialized files now loaded: 0)
Unloading 20 unused Assets / (24.6 KB). Loaded Objects now: 3018.
Memory consumption went from 113.3 MB to 113.3 MB.
Total: 3.535900 ms (FindLiveObjects: 0.233000 ms CreateObjectMapping: 0.143900 ms MarkObjects: 3.133900 ms  DeleteObjects: 0.024000 ms)

AssetImportParameters requested are different than current active one (requested -> active):
  custom:video-decoder-ogg-theora: a1e56fd34408186e4bbccfd4996cb3dc -> 
  custom:container-muxer-webm: aa71ff27fc2769a1b78a27578f13a17b -> 
  custom:container-demuxer-webm: 4f35f7cbe854078d1ac9338744f61a02 -> 
  custom:video-encoder-webm-vp8: eb34c28f22e8b96e1ab97ce403110664 -> 
  custom:audio-encoder-webm-vorbis: bf7c407c2cedff20999df2af8eb42d56 -> 
  custom:framework-win-MediaFoundation: 216162199b28c13a410421893ffa2e32 -> 
  custom:container-demuxer-ogg: 62fdf1f143b41e24485cea50d1cbac27 -> 
  custom:video-decoder-webm-vp8: 9c59270c3fd7afecdb556c50c9e8de78 -> 
  custom:audio-decoder-ogg-vorbis: bf7c407c2cedff20999df2af8eb42d56 -> 
========================================================================
Received Prepare
Registering precompiled user dll's ...
Registered in 0.008594 seconds.
Begin MonoManager ReloadAssembly
Native extension for WindowsStandalone target not found
Refreshing native plugins compatible for Editor in 0.51 ms, found 3 plugins.
Preloading 0 native plugins for Editor in 0.00 ms.
Mono: successfully reloaded assembly
- Completed reload, in  1.033 seconds
Domain Reload Profiling:
	ReloadAssembly (1034ms)
		BeginReloadAssembly (134ms)
			ExecutionOrderSort (0ms)
			DisableScriptedObjects (7ms)
			BackupInstance (0ms)
			ReleaseScriptingObjects (0ms)
			CreateAndSetChildDomain (30ms)
		EndReloadAssembly (795ms)
			LoadAssemblies (92ms)
			RebuildTransferFunctionScriptingTraits (0ms)
			SetupTypeCache (196ms)
			ReleaseScriptCaches (1ms)
			RebuildScriptCaches (41ms)
			SetupLoadedEditorAssemblies (421ms)
				LogAssemblyErrors (0ms)
				InitializePlatformSupportModulesInManaged (15ms)
				SetLoadedEditorAssemblies (0ms)
				RefreshPlugins (1ms)
				BeforeProcessingInitializeOnLoad (87ms)
				ProcessInitializeOnLoadAttributes (258ms)
				ProcessInitializeOnLoadMethodAttributes (44ms)
				AfterProcessingInitializeOnLoad (15ms)
				EditorAssembliesLoaded (0ms)
			ExecutionOrderSort2 (0ms)
			AwakeInstancesAfterBackupRestoration (11ms)
Platform modules already initialized, skipping
Refreshing native plugins compatible for Editor in 2.63 ms, found 3 plugins.
Preloading 0 native plugins for Editor in 0.00 ms.
Unloading 2446 Unused Serialized files (Serialized files now loaded: 0)
Unloading 20 unused Assets / (24.6 KB). Loaded Objects now: 3021.
Memory consumption went from 113.3 MB to 113.3 MB.
Total: 3.162500 ms (FindLiveObjects: 0.208300 ms CreateObjectMapping: 0.111000 ms MarkObjects: 2.821900 ms  DeleteObjects: 0.020200 ms)

AssetImportParameters requested are different than current active one (requested -> active):
  custom:video-decoder-ogg-theora: a1e56fd34408186e4bbccfd4996cb3dc -> 
  custom:container-muxer-webm: aa71ff27fc2769a1b78a27578f13a17b -> 
  custom:container-demuxer-webm: 4f35f7cbe854078d1ac9338744f61a02 -> 
  custom:video-encoder-webm-vp8: eb34c28f22e8b96e1ab97ce403110664 -> 
  custom:audio-encoder-webm-vorbis: bf7c407c2cedff20999df2af8eb42d56 -> 
  custom:framework-win-MediaFoundation: 216162199b28c13a410421893ffa2e32 -> 
  custom:container-demuxer-ogg: 62fdf1f143b41e24485cea50d1cbac27 -> 
  custom:video-decoder-webm-vp8: 9c59270c3fd7afecdb556c50c9e8de78 -> 
  custom:audio-decoder-ogg-vorbis: bf7c407c2cedff20999df2af8eb42d56 -> 
========================================================================
Received Prepare
Registering precompiled user dll's ...
Registered in 0.008462 seconds.
Begin MonoManager ReloadAssembly
Native extension for WindowsStandalone target not found
Refreshing native plugins compatible for Editor in 0.52 ms, found 3 plugins.
Preloading 0 native plugins for Editor in 0.00 ms.
Mono: successfully reloaded assembly
- Completed reload, in  1.456 seconds
Domain Reload Profiling:
	ReloadAssembly (1457ms)
		BeginReloadAssembly (171ms)
			ExecutionOrderSort (0ms)
			DisableScriptedObjects (7ms)
			BackupInstance (0ms)
			ReleaseScriptingObjects (0ms)
			CreateAndSetChildDomain (35ms)
		EndReloadAssembly (1145ms)
			LoadAssemblies (112ms)
			RebuildTransferFunctionScriptingTraits (0ms)
			SetupTypeCache (297ms)
			ReleaseScriptCaches (1ms)
			RebuildScriptCaches (64ms)
			SetupLoadedEditorAssemblies (585ms)
				LogAssemblyErrors (0ms)
				InitializePlatformSupportModulesInManaged (31ms)
				SetLoadedEditorAssemblies (0ms)
				RefreshPlugins (1ms)
				BeforeProcessingInitializeOnLoad (113ms)
				ProcessInitializeOnLoadAttributes (334ms)
				ProcessInitializeOnLoadMethodAttributes (89ms)
				AfterProcessingInitializeOnLoad (17ms)
				EditorAssembliesLoaded (0ms)
			ExecutionOrderSort2 (0ms)
			AwakeInstancesAfterBackupRestoration (18ms)
Platform modules already initialized, skipping
Refreshing native plugins compatible for Editor in 3.13 ms, found 3 plugins.
Preloading 0 native plugins for Editor in 0.00 ms.
Unloading 2446 Unused Serialized files (Serialized files now loaded: 0)
Unloading 20 unused Assets / (24.6 KB). Loaded Objects now: 3024.
Memory consumption went from 113.4 MB to 113.3 MB.
Total: 14.895400 ms (FindLiveObjects: 0.205900 ms CreateObjectMapping: 0.107000 ms MarkObjects: 14.561400 ms  DeleteObjects: 0.020200 ms)

AssetImportParameters requested are different than current active one (requested -> active):
  custom:video-decoder-ogg-theora: a1e56fd34408186e4bbccfd4996cb3dc -> 
  custom:container-muxer-webm: aa71ff27fc2769a1b78a27578f13a17b -> 
  custom:container-demuxer-webm: 4f35f7cbe854078d1ac9338744f61a02 -> 
  custom:video-encoder-webm-vp8: eb34c28f22e8b96e1ab97ce403110664 -> 
  custom:audio-encoder-webm-vorbis: bf7c407c2cedff20999df2af8eb42d56 -> 
  custom:framework-win-MediaFoundation: 216162199b28c13a410421893ffa2e32 -> 
  custom:container-demuxer-ogg: 62fdf1f143b41e24485cea50d1cbac27 -> 
  custom:video-decoder-webm-vp8: 9c59270c3fd7afecdb556c50c9e8de78 -> 
  custom:audio-decoder-ogg-vorbis: bf7c407c2cedff20999df2af8eb42d56 -> 
========================================================================
Received Import Request.
  Time since last request: 5863.423530 seconds.
  path: Assets/Png/quadriciclos-cfmoto-cforce-450-l.png
  artifactKey: Guid(3d01ef224ecbd3d4c9058253972bf5df) Importer(815301076,1909f56bfc062723c751e8b465ee728b)
Start importing Assets/Png/quadriciclos-cfmoto-cforce-450-l.png using Guid(3d01ef224ecbd3d4c9058253972bf5df) Importer(815301076,1909f56bfc062723c751e8b465ee728b)  -> (artifact id: 'b5e4ec6c65e0db4e60302e23eaf3e2d3') in 0.151243 seconds 
========================================================================
Received Import Request.
  Time since last request: 3.510755 seconds.
  path: Assets/Png/piaggio-liberty-50-bianco-color-range-19-1024x706.png
  artifactKey: Guid(adab80214b347d24aa7dd4d4e603b799) Importer(815301076,1909f56bfc062723c751e8b465ee728b)
Start importing Assets/Png/piaggio-liberty-50-bianco-color-range-19-1024x706.png using Guid(adab80214b347d24aa7dd4d4e603b799) Importer(815301076,1909f56bfc062723c751e8b465ee728b)  -> (artifact id: '46f3a05a5fb0c7739adbca4f71494eec') in 0.068165 seconds 
========================================================================
Received Import Request.
  Time since last request: 86.994939 seconds.
  path: Assets/Png/quadriciclos-cfmoto-cforce-450-l 1.png
  artifactKey: Guid(0f36e36fe2210ae4f9b276dbd8e5ceb9) Importer(815301076,1909f56bfc062723c751e8b465ee728b)
Start importing Assets/Png/quadriciclos-cfmoto-cforce-450-l 1.png using Guid(0f36e36fe2210ae4f9b276dbd8e5ceb9) Importer(815301076,1909f56bfc062723c751e8b465ee728b)  -> (artifact id: '1efddb51d868dfbca45e65a98f31d747') in 0.094915 seconds 
========================================================================
Received Import Request.
  Time since last request: 204.035168 seconds.
  path: Assets/Png/a-2.png
  artifactKey: Guid(8a7cbf0e7e9c8c84a97ed70b3c3fa25f) Importer(815301076,1909f56bfc062723c751e8b465ee728b)
Start importing Assets/Png/a-2.png using Guid(8a7cbf0e7e9c8c84a97ed70b3c3fa25f) Importer(815301076,1909f56bfc062723c751e8b465ee728b)  -> (artifact id: 'fdb946ffbf9bb83994f6be519aaa6bc3') in 0.055060 seconds 
========================================================================
Received Import Request.
  Time since last request: 1.912540 seconds.
  path: Assets/Png/kisspng-motorcycle-accessories-sidecar-motorized-scooter-heeler-5b51a5359ac2c7.5439988415320773656339.jpg
  artifactKey: Guid(5e0db853baa244444bef259f7f5afbcb) Importer(815301076,1909f56bfc062723c751e8b465ee728b)
Start importing Assets/Png/kisspng-motorcycle-accessories-sidecar-motorized-scooter-heeler-5b51a5359ac2c7.5439988415320773656339.jpg using Guid(5e0db853baa244444bef259f7f5afbcb) Importer(815301076,1909f56bfc062723c751e8b465ee728b)  -> (artifact id: 'bfb9f79544d8972d4a18b2a267f84a09') in 0.060790 seconds 
========================================================================
Received Import Request.
  Time since last request: 112.372978 seconds.
  path: Assets/Png/kisspng-motorcycle-accessories-sidecar-motorized-scooter-heeler-5b51a5359ac2c7.png
  artifactKey: Guid(a5b6904fafeecdb45a263f7f9cbd5041) Importer(815301076,1909f56bfc062723c751e8b465ee728b)
Start importing Assets/Png/kisspng-motorcycle-accessories-sidecar-motorized-scooter-heeler-5b51a5359ac2c7.png using Guid(a5b6904fafeecdb45a263f7f9cbd5041) Importer(815301076,1909f56bfc062723c751e8b465ee728b)  -> (artifact id: 'ba00b94fb89bf4e5908c486df932f258') in 0.056918 seconds 
========================================================================
Received Import Request.
  Time since last request: 87.103692 seconds.
  path: Assets/Png/366-3663451_transparent-motos-png-motos-em-png-png-download.png
  artifactKey: Guid(4d21ae32e72c27e4eb464f3858d6e98f) Importer(815301076,1909f56bfc062723c751e8b465ee728b)
Start importing Assets/Png/366-3663451_transparent-motos-png-motos-em-png-png-download.png using Guid(4d21ae32e72c27e4eb464f3858d6e98f) Importer(815301076,1909f56bfc062723c751e8b465ee728b)  -> (artifact id: '7f2a5e908275b59558cf5c253dd46ea5') in 0.049861 seconds 
========================================================================
Received Import Request.
  Time since last request: 61.821879 seconds.
  path: Assets/Png/366-3663451_transparent-motos-png-motos-em-png-png-download.png
  artifactKey: Guid(4d21ae32e72c27e4eb464f3858d6e98f) Importer(815301076,1909f56bfc062723c751e8b465ee728b)
Start importing Assets/Png/366-3663451_transparent-motos-png-motos-em-png-png-download.png using Guid(4d21ae32e72c27e4eb464f3858d6e98f) Importer(815301076,1909f56bfc062723c751e8b465ee728b)  -> (artifact id: 'c3ca6addf8f6238673bef38ab6d9b36f') in 0.044154 seconds 
========================================================================
Received Import Request.
  Time since last request: 130.987967 seconds.
  path: Assets/Png/0,,35247319-FMM,00.jpg
  artifactKey: Guid(7a8d7a9bc2c71ce4f87a0ed588fd9bfc) Importer(815301076,1909f56bfc062723c751e8b465ee728b)
Start importing Assets/Png/0,,35247319-FMM,00.jpg using Guid(7a8d7a9bc2c71ce4f87a0ed588fd9bfc) Importer(815301076,1909f56bfc062723c751e8b465ee728b)  -> (artifact id: 'b4d293b7f43e61d5593b2534fd4b30c6') in 0.041678 seconds 
========================================================================
Received Import Request.
  Time since last request: 47.498965 seconds.
  path: Assets/Png/0,,35247319-FMM,00.png
  artifactKey: Guid(926d972aedf025d4cac2cb048d30ca55) Importer(815301076,1909f56bfc062723c751e8b465ee728b)
Start importing Assets/Png/0,,35247319-FMM,00.png using Guid(926d972aedf025d4cac2cb048d30ca55) Importer(815301076,1909f56bfc062723c751e8b465ee728b)  -> (artifact id: '4b84d0010f8400871d64e3bdd16667a4') in 0.035904 seconds 
========================================================================
Received Import Request.
  Time since last request: 101.614656 seconds.
  path: Assets/Png/0,,35247319-FMM,00 1.png
  artifactKey: Guid(ecf2a97052b4ea94ab17e16fee912302) Importer(815301076,1909f56bfc062723c751e8b465ee728b)
Start importing Assets/Png/0,,35247319-FMM,00 1.png using Guid(ecf2a97052b4ea94ab17e16fee912302) Importer(815301076,1909f56bfc062723c751e8b465ee728b)  -> (artifact id: 'd582b410ddc5b412558f794de170998c') in 0.036875 seconds 
========================================================================
Received Import Request.
  Time since last request: 142.545511 seconds.
  path: Assets/Png/0,,14923180,00.png
  artifactKey: Guid(c655bfdc00f453947981ac056d1c10c5) Importer(815301076,1909f56bfc062723c751e8b465ee728b)
Start importing Assets/Png/0,,14923180,00.png using Guid(c655bfdc00f453947981ac056d1c10c5) Importer(815301076,1909f56bfc062723c751e8b465ee728b)  -> (artifact id: 'ad706cbe67848cc1f9492325c350d9a3') in 0.040190 seconds 
========================================================================
Received Import Request.
  Time since last request: 103.831407 seconds.
  path: Assets/Png/kisspng-fiat-automobiles-compact-car-fiat-tipo-station-wag-fiat-tipo-5b81f092231239.3052239515352423861437.jpg
  artifactKey: Guid(f4ef01f3bd46f124a8df83445a1bc22e) Importer(815301076,1909f56bfc062723c751e8b465ee728b)
Start importing Assets/Png/kisspng-fiat-automobiles-compact-car-fiat-tipo-station-wag-fiat-tipo-5b81f092231239.3052239515352423861437.jpg using Guid(f4ef01f3bd46f124a8df83445a1bc22e) Importer(815301076,1909f56bfc062723c751e8b465ee728b)  -> (artifact id: '9cb2f4fc752032c8572ebba88043c3b0') in 0.037276 seconds 
========================================================================
Received Import Request.
  Time since last request: 185.460654 seconds.
  path: Assets/Png/dc19e9b94a372ebc21ffeb7623d5632a.png
  artifactKey: Guid(57ff25af200f28648832e7ca62369583) Importer(815301076,1909f56bfc062723c751e8b465ee728b)
Start importing Assets/Png/dc19e9b94a372ebc21ffeb7623d5632a.png using Guid(57ff25af200f28648832e7ca62369583) Importer(815301076,1909f56bfc062723c751e8b465ee728b)  -> (artifact id: 'e32d87cd810cb387690320f5b0358fec') in 0.142794 seconds 
========================================================================
Received Import Request.
  Time since last request: 529.307429 seconds.
  path: Assets/Png/png-transparent-compact-van-campervans-caravan-vehicle-silver-side-compact-car-van-car.png
  artifactKey: Guid(e745d87d596da8846862ec3ed845d31a) Importer(815301076,1909f56bfc062723c751e8b465ee728b)
Start importing Assets/Png/png-transparent-compact-van-campervans-caravan-vehicle-silver-side-compact-car-van-car.png using Guid(e745d87d596da8846862ec3ed845d31a) Importer(815301076,1909f56bfc062723c751e8b465ee728b)  -> (artifact id: 'a8abbe870266d0d56674051e9184ff19') in 0.051370 seconds 
========================================================================
Received Import Request.
  Time since last request: 152.657658 seconds.
  path: Assets/Png/van-branco-9655997.jpg
  artifactKey: Guid(e42f820b1e664424da2324061671f058) Importer(815301076,1909f56bfc062723c751e8b465ee728b)
Start importing Assets/Png/van-branco-9655997.jpg using Guid(e42f820b1e664424da2324061671f058) Importer(815301076,1909f56bfc062723c751e8b465ee728b)  -> (artifact id: '171d4de13f6f7956baf9b33f74758340') in 0.075857 seconds 
========================================================================
Received Import Request.
  Time since last request: 41.291601 seconds.
  path: Assets/Png/van-branco-9655997.png
  artifactKey: Guid(83db3f33be9e078449cdd2a6f8ab9266) Importer(815301076,1909f56bfc062723c751e8b465ee728b)
Start importing Assets/Png/van-branco-9655997.png using Guid(83db3f33be9e078449cdd2a6f8ab9266) Importer(815301076,1909f56bfc062723c751e8b465ee728b)  -> (artifact id: '233d88510566c77c1c726e6cbe964b46') in 0.039792 seconds 
========================================================================
Received Import Request.
  Time since last request: 4224.784577 seconds.
  path: Assets/Png/Bus-PNG-Clipart.png
  artifactKey: Guid(fc11b73adab7f6646b6b9d6f530c9c92) Importer(815301076,1909f56bfc062723c751e8b465ee728b)
Start importing Assets/Png/Bus-PNG-Clipart.png using Guid(fc11b73adab7f6646b6b9d6f530c9c92) Importer(815301076,1909f56bfc062723c751e8b465ee728b)  -> (artifact id: '69712c0560ff06055d9cf299441e7ded') in 0.058588 seconds 
========================================================================
Received Import Request.
  Time since last request: 54.416579 seconds.
  path: Assets/Png/lovepik-bus-png-image_401709966_wh860.png
  artifactKey: Guid(b25bce5159099e847861a1648f12bd27) Importer(815301076,1909f56bfc062723c751e8b465ee728b)
Start importing Assets/Png/lovepik-bus-png-image_401709966_wh860.png using Guid(b25bce5159099e847861a1648f12bd27) Importer(815301076,1909f56bfc062723c751e8b465ee728b)  -> (artifact id: 'f96f913e8f4c1fabc006be13a49ebda5') in 0.055836 seconds 
========================================================================
Received Import Request.
  Time since last request: 68.609116 seconds.
  path: Assets/Png/Bus_PNG_Clipart-1075.png
  artifactKey: Guid(742809976375dc44e99c78a9d36c6606) Importer(815301076,1909f56bfc062723c751e8b465ee728b)
Start importing Assets/Png/Bus_PNG_Clipart-1075.png using Guid(742809976375dc44e99c78a9d36c6606) Importer(815301076,1909f56bfc062723c751e8b465ee728b)  -> (artifact id: '8369473a9e6ad7ab38499813b8b493b6') in 0.083056 seconds 
========================================================================
Received Import Request.
  Time since last request: 141.059667 seconds.
  path: Assets/Png/c70f281f79074ac2ae48119cc7b6d197.png
  artifactKey: Guid(461d686a02cb64f409c391f21fb53012) Importer(815301076,1909f56bfc062723c751e8b465ee728b)
Start importing Assets/Png/c70f281f79074ac2ae48119cc7b6d197.png using Guid(461d686a02cb64f409c391f21fb53012) Importer(815301076,1909f56bfc062723c751e8b465ee728b)  -> (artifact id: '526921e21c2fa171f929bafbb5cd789e') in 0.102014 seconds 
========================================================================
Received Import Request.
  Time since last request: 77.543514 seconds.
  path: Assets/Png/afds.jpg
  artifactKey: Guid(cee852c179920d842b90ea4f49a71c02) Importer(815301076,1909f56bfc062723c751e8b465ee728b)
Start importing Assets/Png/afds.jpg using Guid(cee852c179920d842b90ea4f49a71c02) Importer(815301076,1909f56bfc062723c751e8b465ee728b)  -> (artifact id: '251c0177c5cd74136055bf288ae10b60') in 0.072770 seconds 
========================================================================
Received Import Request.
  Time since last request: 65.195084 seconds.
  path: Assets/Png/afds.png
  artifactKey: Guid(b3c02fe5671c629458caffce72ad656d) Importer(815301076,1909f56bfc062723c751e8b465ee728b)
Start importing Assets/Png/afds.png using Guid(b3c02fe5671c629458caffce72ad656d) Importer(815301076,1909f56bfc062723c751e8b465ee728b)  -> (artifact id: '1363924177c0dfe150707bd82ee41593') in 0.049307 seconds 
========================================================================
Received Import Request.
  Time since last request: 300.531405 seconds.
  path: Assets/Png/580N.png
  artifactKey: Guid(578f8290fab9822459a602965262cdbe) Importer(815301076,1909f56bfc062723c751e8b465ee728b)
Start importing Assets/Png/580N.png using Guid(578f8290fab9822459a602965262cdbe) Importer(815301076,1909f56bfc062723c751e8b465ee728b)  -> (artifact id: '7c08118fa4279cbad7085dcf9b558d15') in 0.079372 seconds 
========================================================================
Received Import Request.
  Time since last request: 11.064880 seconds.
  path: Assets/Png/580N.png
  artifactKey: Guid(578f8290fab9822459a602965262cdbe) Importer(815301076,1909f56bfc062723c751e8b465ee728b)
Start importing Assets/Png/580N.png using Guid(578f8290fab9822459a602965262cdbe) Importer(815301076,1909f56bfc062723c751e8b465ee728b)  -> (artifact id: '9b94a2876eb0a0b75b840a2f21057875') in 0.065843 seconds 
========================================================================
Received Import Request.
  Time since last request: 1923.914218 seconds.
  path: Assets/Png/deltrain-delga-vnmf-frente.png
  artifactKey: Guid(e2d6e0fc25d46454695a96425f23ce7c) Importer(815301076,1909f56bfc062723c751e8b465ee728b)
Start importing Assets/Png/deltrain-delga-vnmf-frente.png using Guid(e2d6e0fc25d46454695a96425f23ce7c) Importer(815301076,1909f56bfc062723c751e8b465ee728b)  -> (artifact id: 'd9201736d6322388ea8e8fa9964d8a47') in 0.177629 seconds 
========================================================================
Received Import Request.
  Time since last request: 1615.681936 seconds.
  path: Assets/Png/deltrain-delga-vnmf-frente 1.png
  artifactKey: Guid(f1474edb7d29fd14eb709ad0d358abff) Importer(815301076,1909f56bfc062723c751e8b465ee728b)
Start importing Assets/Png/deltrain-delga-vnmf-frente 1.png using Guid(f1474edb7d29fd14eb709ad0d358abff) Importer(815301076,1909f56bfc062723c751e8b465ee728b)  -> (artifact id: '27a342701b2452612791021381dd60b6') in 0.135768 seconds 
========================================================================
Received Prepare
Registering precompiled user dll's ...
Registered in 0.013579 seconds.
Begin MonoManager ReloadAssembly
Native extension for WindowsStandalone target not found
Refreshing native plugins compatible for Editor in 0.51 ms, found 3 plugins.
Preloading 0 native plugins for Editor in 0.00 ms.
Mono: successfully reloaded assembly
- Completed reload, in  1.722 seconds
Domain Reload Profiling:
	ReloadAssembly (1723ms)
		BeginReloadAssembly (240ms)
			ExecutionOrderSort (0ms)
			DisableScriptedObjects (9ms)
			BackupInstance (0ms)
			ReleaseScriptingObjects (0ms)
			CreateAndSetChildDomain (40ms)
		EndReloadAssembly (1329ms)
			LoadAssemblies (191ms)
			RebuildTransferFunctionScriptingTraits (0ms)
			SetupTypeCache (631ms)
			ReleaseScriptCaches (1ms)
			RebuildScriptCaches (52ms)
			SetupLoadedEditorAssemblies (468ms)
				LogAssemblyErrors (0ms)
				InitializePlatformSupportModulesInManaged (18ms)
				SetLoadedEditorAssemblies (1ms)
				RefreshPlugins (1ms)
				BeforeProcessingInitializeOnLoad (92ms)
				ProcessInitializeOnLoadAttributes (288ms)
				ProcessInitializeOnLoadMethodAttributes (50ms)
				AfterProcessingInitializeOnLoad (19ms)
				EditorAssembliesLoaded (0ms)
			ExecutionOrderSort2 (0ms)
			AwakeInstancesAfterBackupRestoration (13ms)
Platform modules already initialized, skipping
Refreshing native plugins compatible for Editor in 4.14 ms, found 3 plugins.
Preloading 0 native plugins for Editor in 0.00 ms.
Unloading 2446 Unused Serialized files (Serialized files now loaded: 0)
Unloading 20 unused Assets / (24.6 KB). Loaded Objects now: 3078.
Memory consumption went from 113.5 MB to 113.5 MB.
Total: 3.153200 ms (FindLiveObjects: 0.222800 ms CreateObjectMapping: 0.108200 ms MarkObjects: 2.801700 ms  DeleteObjects: 0.019500 ms)

AssetImportParameters requested are different than current active one (requested -> active):
  custom:video-decoder-ogg-theora: a1e56fd34408186e4bbccfd4996cb3dc -> 
  custom:container-muxer-webm: aa71ff27fc2769a1b78a27578f13a17b -> 
  custom:container-demuxer-webm: 4f35f7cbe854078d1ac9338744f61a02 -> 
  custom:video-encoder-webm-vp8: eb34c28f22e8b96e1ab97ce403110664 -> 
  custom:audio-encoder-webm-vorbis: bf7c407c2cedff20999df2af8eb42d56 -> 
  custom:framework-win-MediaFoundation: 216162199b28c13a410421893ffa2e32 -> 
  custom:container-demuxer-ogg: 62fdf1f143b41e24485cea50d1cbac27 -> 
  custom:video-decoder-webm-vp8: 9c59270c3fd7afecdb556c50c9e8de78 -> 
  custom:audio-decoder-ogg-vorbis: bf7c407c2cedff20999df2af8eb42d56 -> 
========================================================================
Received Prepare
Registering precompiled user dll's ...
Registered in 0.011448 seconds.
Begin MonoManager ReloadAssembly
Native extension for WindowsStandalone target not found
Refreshing native plugins compatible for Editor in 0.61 ms, found 3 plugins.
Preloading 0 native plugins for Editor in 0.00 ms.
Mono: successfully reloaded assembly
- Completed reload, in  1.179 seconds
Domain Reload Profiling:
	ReloadAssembly (1180ms)
		BeginReloadAssembly (148ms)
			ExecutionOrderSort (0ms)
			DisableScriptedObjects (7ms)
			BackupInstance (0ms)
			ReleaseScriptingObjects (0ms)
			CreateAndSetChildDomain (39ms)
		EndReloadAssembly (915ms)
			LoadAssemblies (104ms)
			RebuildTransferFunctionScriptingTraits (0ms)
			SetupTypeCache (205ms)
			ReleaseScriptCaches (2ms)
			RebuildScriptCaches (55ms)
			SetupLoadedEditorAssemblies (488ms)
				LogAssemblyErrors (0ms)
				InitializePlatformSupportModulesInManaged (17ms)
				SetLoadedEditorAssemblies (0ms)
				RefreshPlugins (1ms)
				BeforeProcessingInitializeOnLoad (90ms)
				ProcessInitializeOnLoadAttributes (319ms)
				ProcessInitializeOnLoadMethodAttributes (46ms)
				AfterProcessingInitializeOnLoad (15ms)
				EditorAssembliesLoaded (0ms)
			ExecutionOrderSort2 (0ms)
			AwakeInstancesAfterBackupRestoration (13ms)
Platform modules already initialized, skipping
Refreshing native plugins compatible for Editor in 2.69 ms, found 3 plugins.
Preloading 0 native plugins for Editor in 0.00 ms.
Unloading 2446 Unused Serialized files (Serialized files now loaded: 0)
Unloading 20 unused Assets / (24.6 KB). Loaded Objects now: 3081.
Memory consumption went from 113.5 MB to 113.5 MB.
Total: 2.858500 ms (FindLiveObjects: 0.226400 ms CreateObjectMapping: 0.160100 ms MarkObjects: 2.452700 ms  DeleteObjects: 0.018300 ms)

AssetImportParameters requested are different than current active one (requested -> active):
  custom:video-decoder-ogg-theora: a1e56fd34408186e4bbccfd4996cb3dc -> 
  custom:container-muxer-webm: aa71ff27fc2769a1b78a27578f13a17b -> 
  custom:container-demuxer-webm: 4f35f7cbe854078d1ac9338744f61a02 -> 
  custom:video-encoder-webm-vp8: eb34c28f22e8b96e1ab97ce403110664 -> 
  custom:audio-encoder-webm-vorbis: bf7c407c2cedff20999df2af8eb42d56 -> 
  custom:framework-win-MediaFoundation: 216162199b28c13a410421893ffa2e32 -> 
  custom:container-demuxer-ogg: 62fdf1f143b41e24485cea50d1cbac27 -> 
  custom:video-decoder-webm-vp8: 9c59270c3fd7afecdb556c50c9e8de78 -> 
  custom:audio-decoder-ogg-vorbis: bf7c407c2cedff20999df2af8eb42d56 -> 
